<?xml version='1.0' encoding='windows-1252'?>
<testsuites tests="43" time="461" name="BASF IFTMIN mapping" failures="0" errors="0">
  <testsuite tests="43" time="461" name="BASF IFTMIN mapping" failures="0" skipped="0" errors="0">
    <testcase name="fcl/2013386790-iftmin-erstinfo-9.json (fcl, 1 message(s))" time="38" status="OK"/>
    <testcase name="fcl/2800209301-fcl-iftmin-erst-9.json (fcl, 1 message(s))" time="36" status="OK"/>
    <testcase name="fcl/2800209301-iftmbf-4.json (fcl, 1 message(s))" time="28" status="OK"/>
    <testcase name="fcl/2800209301-iftmin-erst-4-v2.json (fcl, 1 message(s))" time="16" status="OK"/>
    <testcase name="fcl/2800209301-iftmin-erst-9-v2.json (fcl, 1 message(s))" time="14" status="OK"/>
    <testcase name="fcl/2800209301-iftmin-erst-9.json (fcl, 1 message(s))" time="19" status="OK"/>
    <testcase name="fcl/ifcsum-2013354401.json (fcl, 1 message(s))" time="15" status="OK"/>
    <testcase name="fcl/ifcsum-2013354402.json (fcl, 1 message(s))" time="12" status="OK"/>
    <testcase name="fcl/ifcsum-2013354403.json (fcl, 1 message(s))" time="17" status="OK"/>
    <testcase name="lcl/2800226066-iftmin-absch-4.json (lcl, 1 message(s))" time="11" status="OK"/>
    <testcase name="lcl/2800226066-iftmin-absch-9.json (lcl, 1 message(s))" time="18" status="OK"/>
    <testcase name="lcl/2800226066-iftmin-erst-9.json (lcl, 1 message(s))" time="18" status="OK"/>
    <testcase name="ms/2800231445-ab-4-2.json (ms, 1 message(s))" time="18" status="OK"/>
    <testcase name="ms/2800231445-ab-4-3.json (ms, 1 message(s))" time="15" status="OK"/>
    <testcase name="ms/2800231445-ab-4-4.json (ms, 1 message(s))" time="23" status="OK"/>
    <testcase name="ms/2800231445-ab-4-5.json (ms, 1 message(s))" time="14" status="OK"/>
    <testcase name="ms/2800231445-ab-9.json (ms, 2 message(s))" time="14" status="OK"/>
    <testcase name="ms/2800231445-erst-4.json (ms, 1 message(s))" time="12" status="OK"/>
    <testcase name="ms/2800231445-erst-9.json (ms, 1 message(s))" time="8" status="OK"/>
    <testcase name="ms/2800231445-iftmbf-2.json (ms, 2 message(s))" time="11" status="OK"/>
    <testcase name="ms/trissquid-138083512.json (ms, 2 message(s))" time="18" status="OK"/>
    <testcase name="a master-sub interchange yields one shipment per BASF BL" time="5" status="OK"/>
    <testcase name="an ordinary interchange yields exactly one shipment" time="3" status="OK"/>
    <testcase name="an LCL master-sub marks every block as a co-load" time="3" status="OK"/>
    <testcase name="an FCL master-sub stays back-to-back" time="3" status="OK"/>
    <testcase name="a single LCL shipment is not a co-load" time="5" status="OK"/>
    <testcase name="a cancel is recognised" time="0" status="OK"/>
    <testcase name="a create is not a cancel" time="0" status="OK"/>
    <testcase name="an update is not a cancel" time="0" status="OK"/>
    <testcase name="a cancel maps to an identity-only delete" time="1" status="OK"/>
    <testcase name="a cancel carries no business fields that could overwrite the shipment" time="0" status="OK"/>
    <testcase name="a cancel without a CustomerReference is dropped - Carlo would have nothing to match" time="1" status="OK"/>
    <testcase name="LoadType is FCL when equipment is present" time="0" status="OK"/>
    <testcase name="LoadType is LCL when equipment is absent" time="0" status="OK"/>
    <testcase name="HouseType is BackToBack for a stand-alone LCL" time="1" status="OK"/>
    <testcase name="HouseType is Coloadin for an LCL block of a master-sub" time="2" status="OK"/>
    <testcase name="HouseType stays BackToBack for an FCL block of a master-sub" time="0" status="OK"/>
    <testcase name="BGM03 1 -> delete" time="0" status="OK"/>
    <testcase name="BGM03 4 -> update" time="2" status="OK"/>
    <testcase name="BGM03 5 -> update" time="0" status="OK"/>
    <testcase name="BGM03 9 -> updateorcreate" time="0" status="OK"/>
    <testcase name="the document is a camelCase seaHouseShipment array" time="6" status="OK"/>
    <testcase name="an interchange with no IFTMIN message yields an empty array" time="0" status="OK"/>
  </testsuite>
</testsuites>