<?xml version='1.0' encoding='windows-1252'?>
<testsuites tests="22" time="366" name="BASF IFCSUM mapping" failures="0" errors="0">
  <testsuite tests="22" time="366" name="BASF IFCSUM mapping" failures="0" skipped="0" errors="0">
    <testcase name="fcl/20260625-093948-681.json (fcl, 1 cargo line(s))" time="65" status="OK"/>
    <testcase name="fcl/20260625-142940-681-v2.json (fcl, 3 cargo line(s))" time="48" status="OK"/>
    <testcase name="fcl/trissquid-message-sequence-1.json (fcl, 1 cargo line(s))" time="15" status="OK"/>
    <testcase name="lcl/ifcsum-136579804.json (lcl, 6 cargo line(s))" time="29" status="OK"/>
    <testcase name="a cargo line is keyed by delivery note, position and the IFTMIN join key" time="7" status="OK"/>
    <testcase name="every cargo line is an update, never an upsert" time="25" status="OK"/>
    <testcase name="an FCL summary carries the container VGM, seal and signatory" time="11" status="OK"/>
    <testcase name="every consignment of an FCL summary lands on the same container" time="5" status="OK"/>
    <testcase name="an FCL summary has no MRN to report" time="5" status="OK"/>
    <testcase name="an LCL summary carries a customs MRN per consignment" time="9" status="OK"/>
    <testcase name="the pre-carriage truck of an LCL summary is not written onto the cargo line" time="6" status="OK"/>
    <testcase name="a truck is not a container" time="4" status="OK"/>
    <testcase name="a container with an ISO type code is" time="1" status="OK"/>
    <testcase name="six consignments yield six cargo lines" time="9" status="OK"/>
    <testcase name="a cancel is recognised" time="2" status="OK"/>
    <testcase name="a create is not a cancel" time="1" status="OK"/>
    <testcase name="a cancelled summary produces no cargo update at all" time="2" status="OK"/>
    <testcase name="a message with no consignments yields no cargo lines" time="1" status="OK"/>
    <testcase name="a consignment with no delivery note is dropped" time="1" status="OK"/>
    <testcase name="the delivery note falls back to CNI02 when the goods item has no RFF+LI" time="2" status="OK"/>
    <testcase name="the document is a camelCase shipmentCargo array" time="26" status="OK"/>
    <testcase name="an interchange with no IFCSUM message yields an empty array" time="1" status="OK"/>
  </testsuite>
</testsuites>